[00:02:00] [Server thread/INFO]: <Kirizuro> falou
[00:03:07] [Server thread/WARN]: palmusk moved too quickly! -0.4954087337844726,-10.688120053561008,0.2987282545682888
[00:06:13] [Server thread/INFO]: palmusk fell from a high place
[00:13:09] [Server thread/INFO]: Teleported Kirizuro to palmusk
[00:18:29] [Server thread/INFO]: Kirizuro has made the advancement [Not Today, Thank You]
[00:22:12] [Server thread/INFO]: Kirizuro has made the advancement [Getting an Upgrade]
[00:48:09] [Server thread/INFO]: Teleported Kirizuro to palmusk
[00:49:27] [Server thread/INFO]: Kirizuro fell from a high place
[00:52:33] [Server thread/INFO]: Teleported palmusk to Kirizuro
[00:52:33] [Server thread/WARN]: palmusk moved too quickly! 1.0,-26.0,-0.2701335347724374
[01:05:13] [Server thread/INFO]: palmusk fell from a high place
[01:06:07] [Server thread/INFO]: No entity was found
[01:06:15] [Server thread/INFO]: Teleported palmusk to Kirizuro
[01:06:15] [Server thread/WARN]: palmusk moved too quickly! 3.532598082964711,25.0,-9.367312852740383
[01:15:15] [Server thread/INFO]: Kirizuro fell from a high place
[01:15:51] [Server thread/INFO]: Set the time to 1000
[01:21:32] [Server thread/INFO]: Teleported palmusk to Kirizuro
[01:21:32] [Server thread/WARN]: palmusk moved too quickly! 16.44533744153091,-24.0,-7.285600591007167
[01:30:56] [Server thread/INFO]: Kirizuro was slain by Spider
[01:34:11] [Server thread/INFO]: Set the time to 0
[01:43:03] [Server thread/INFO]: palmusk fell from a high place
[02:07:22] [Server thread/INFO]: <palmusk> alo
[02:07:39] [Server thread/INFO]: Teleported palmusk to Kirizuro
[02:08:13] [Server thread/INFO]: palmusk lost connection: Disconnected
[02:08:13] [Server thread/INFO]: palmusk left the game
[02:08:53] [Server thread/INFO]: palmusk[/127.0.0.1:57982] logged in with entity id 457052 at (-163.64749959824977, 71.0, 19.73634214630843)
[02:08:53] [Server thread/INFO]: palmusk joined the game
[02:12:32] [Server thread/INFO]: Teleported Kirizuro to palmusk
[02:52:22] [Server thread/INFO]: palmusk lost connection: Disconnected
[02:52:22] [Server thread/INFO]: palmusk left the game
[02:52:26] [Server thread/INFO]: Kirizuro lost connection: Disconnected
[02:52:26] [Server thread/INFO]: Kirizuro left the game
[02:52:33] [Server thread/INFO]: Stopping server
[02:52:33] [Server thread/INFO]: Saving players
[02:52:33] [Server thread/INFO]: Saving worlds
[02:52:33] [Server thread/INFO]: Saving chunks for level 'world'/minecraft:overworld
[02:52:33] [Server thread/INFO]: Saving chunks for level 'world'/minecraft:the_nether
[02:52:33] [Server thread/INFO]: Saving chunks for level 'world'/minecraft:the_end
[02:52:33] [Server Shutdown Thread/INFO]: Stopping server
[02:52:33] [Server Shutdown Thread/INFO]: Saving players
[02:52:33] [Server Shutdown Thread/INFO]: Saving worlds
[02:52:33] [Server Shutdown Thread/INFO]: Saving chunks for level 'world'/minecraft:overworld
[02:52:33] [Server Shutdown Thread/INFO]: Saving chunks for level 'world'/minecraft:the_nether
[02:52:33] [Server Shutdown Thread/INFO]: Saving chunks for level 'world'/minecraft:the_end
